2025-05-24 15:09:13,772 - INFO - Connecting to Binance API...
2025-05-24 15:09:14,871 - INFO - Successfully connected to Binance API
2025-05-24 15:09:14,872 - INFO - Initializing components...
2025-05-24 15:09:15,217 - INFO - Current spot balance: 0.13647544 USDT
2025-05-24 15:09:15,929 - INFO - Current futures balance: 30.00000048 USDT
2025-05-24 15:09:15,930 - INFO - Bot initialization completed successfully
2025-05-24 15:09:15,930 - INFO - Starting trading bot...
2025-05-24 15:09:15,931 - INFO - Initializing models...
2025-05-24 15:09:15,932 - INFO - Starting model initialization...
2025-05-24 15:09:15,933 - INFO - Initializing model for BTCUSDT...
2025-05-24 15:09:16,173 - INFO - Successfully initialized model for BTCUSDT
2025-05-24 15:09:16,173 - INFO - Initializing model for ETHUSDT...
2025-05-24 15:09:16,407 - INFO - Successfully initialized model for ETHUSDT
2025-05-24 15:09:16,408 - INFO - Initializing model for BNBUSDT...
2025-05-24 15:09:16,636 - INFO - Successfully initialized model for BNBUSDT
2025-05-24 15:09:16,637 - INFO - Initializing model for SOLUSDT...
2025-05-24 15:09:16,876 - INFO - Successfully initialized model for SOLUSDT
2025-05-24 15:09:16,876 - INFO - Initializing model for XRPUSDT...
2025-05-24 15:09:17,372 - INFO - Successfully initialized model for XRPUSDT
2025-05-24 15:09:17,373 - INFO - Initializing model for ADAUSDT...
2025-05-24 15:09:17,583 - INFO - Successfully initialized model for ADAUSDT
2025-05-24 15:09:17,584 - INFO - Initializing model for AVAXUSDT...
2025-05-24 15:09:17,811 - INFO - Successfully initialized model for AVAXUSDT
2025-05-24 15:09:17,812 - INFO - Initializing model for DOGEUSDT...
2025-05-24 15:09:18,039 - INFO - Successfully initialized model for DOGEUSDT
2025-05-24 15:09:18,040 - INFO - Model initialization completed successfully
2025-05-24 15:09:18,040 - INFO - Starting main trading loop...
2025-05-24 15:09:18,389 - INFO - Current spot balance: 0.13647544 USDT
2025-05-24 15:09:18,723 - INFO - Current futures balance: 30.00000048 USDT
2025-05-24 15:09:18,725 - WARNING - Balance below minimum threshold: 30.136475920000002
2025-05-24 15:09:18,726 - WARNING - Risk limits exceeded, pausing trading
2025-05-24 15:14:19,410 - INFO - Current spot balance: 0.13647544 USDT
2025-05-24 15:14:20,139 - INFO - Current futures balance: 30.00000048 USDT
2025-05-24 15:14:20,140 - WARNING - Balance below minimum threshold: 30.136475920000002
2025-05-24 15:14:20,140 - WARNING - Risk limits exceeded, pausing trading
2025-05-24 15:19:20,842 - INFO - Current spot balance: 0.13647544 USDT
2025-05-24 15:19:21,563 - INFO - Current futures balance: 30.00000048 USDT
2025-05-24 15:19:21,564 - WARNING - Balance below minimum threshold: 30.136475920000002
2025-05-24 15:19:21,564 - WARNING - Risk limits exceeded, pausing trading
2025-05-24 15:24:22,246 - INFO - Current spot balance: 0.13647544 USDT
2025-05-24 15:24:22,929 - INFO - Current futures balance: 30.00000048 USDT
2025-05-24 15:24:22,930 - WARNING - Balance below minimum threshold: 30.136475920000002
2025-05-24 15:24:22,930 - WARNING - Risk limits exceeded, pausing trading
2025-05-24 15:29:23,620 - INFO - Current spot balance: 0.13647544 USDT
2025-05-24 15:29:24,352 - INFO - Current futures balance: 30.00000048 USDT
2025-05-24 15:29:24,353 - WARNING - Balance below minimum threshold: 30.136475920000002
2025-05-24 15:29:24,354 - WARNING - Risk limits exceeded, pausing trading
2025-05-24 15:34:25,035 - INFO - Current spot balance: 0.13647544 USDT
2025-05-24 15:34:25,762 - INFO - Current futures balance: 30.00000048 USDT
2025-05-24 15:34:25,763 - WARNING - Balance below minimum threshold: 30.136475920000002
2025-05-24 15:34:25,763 - WARNING - Risk limits exceeded, pausing trading
2025-05-24 15:39:26,461 - INFO - Current spot balance: 0.13647544 USDT
2025-05-24 15:39:27,221 - INFO - Current futures balance: 30.00000048 USDT
2025-05-24 15:39:27,222 - WARNING - Balance below minimum threshold: 30.136475920000002
2025-05-24 15:39:27,222 - WARNING - Risk limits exceeded, pausing trading
2025-05-24 15:44:27,953 - INFO - Current spot balance: 0.13647544 USDT
2025-05-24 15:44:28,690 - INFO - Current futures balance: 30.00000048 USDT
2025-05-24 15:44:28,690 - WARNING - Balance below minimum threshold: 30.136475920000002
2025-05-24 15:44:28,690 - WARNING - Risk limits exceeded, pausing trading
2025-05-24 15:49:29,400 - INFO - Current spot balance: 0.13647544 USDT
2025-05-24 15:49:30,113 - INFO - Current futures balance: 30.00000048 USDT
2025-05-24 15:49:30,114 - WARNING - Balance below minimum threshold: 30.136475920000002
2025-05-24 15:49:30,125 - WARNING - Risk limits exceeded, pausing trading
2025-05-24 15:54:30,828 - INFO - Current spot balance: 0.13647544 USDT
2025-05-24 15:54:31,549 - INFO - Current futures balance: 30.00000048 USDT
2025-05-24 15:54:31,549 - WARNING - Balance below minimum threshold: 30.136475920000002
2025-05-24 15:54:31,549 - WARNING - Risk limits exceeded, pausing trading
2025-05-24 15:59:32,243 - INFO - Current spot balance: 0.13647544 USDT
2025-05-24 15:59:32,977 - INFO - Current futures balance: 30.00000048 USDT
2025-05-24 15:59:32,977 - WARNING - Balance below minimum threshold: 30.136475920000002
2025-05-24 15:59:32,977 - WARNING - Risk limits exceeded, pausing trading
2025-05-24 16:04:33,654 - INFO - Current spot balance: 0.13647544 USDT
2025-05-24 16:04:34,503 - INFO - Current futures balance: 30.00000048 USDT
2025-05-24 16:04:34,503 - WARNING - Balance below minimum threshold: 30.136475920000002
2025-05-24 16:04:34,503 - WARNING - Risk limits exceeded, pausing trading
2025-05-24 16:09:35,175 - INFO - Current spot balance: 0.13647544 USDT
2025-05-24 16:09:35,862 - INFO - Current futures balance: 30.00000048 USDT
2025-05-24 16:09:35,862 - WARNING - Balance below minimum threshold: 30.136475920000002
2025-05-24 16:09:35,862 - WARNING - Risk limits exceeded, pausing trading
